<?xml version="1.0" encoding="UTF-8"?>
<!-- Generated by org.testng.reporters.JUnitReportReporter -->
<testsuite skipped="0" hostname="WIN7-TEST" name="project.ses.scripts.Logintest" tests="1" failures="0" timestamp="27 Dec 2018 10:24:13 GMT" time="14.410" errors="0">
  <testcase name="Streams6" time="14.410" classname="project.ses.scripts.Logintest"/>
</testsuite> <!-- project.ses.scripts.Logintest -->
